Arguments: 
  /usr/bin/node /usr/bin/yarn docs:update

PATH: 
  /home/marcelle/bin:/usr/local/bin:/usr/local/sbin:/usr/local/bin:/usr/sbin:/usr/bin:/sbin:/bin:/usr/games:/usr/local/games:/snap/bin

Yarn version: 
  1.5.1

Node version: 
  8.11.3

Platform: 
  linux x64

npm manifest: 
  {
    "name": "scan-md-confluence",
    "version": "0.1.2",
    "description": "A tool to scan all markdowns of a project and publish them automatically in Confluence.",
    "main": "./src/scanMdConfluence.js",
    "keywords": [
      "markdown",
      "scanner",
      "confluence"
    ],
    "author": "Marcelle Hövelmanns <marcelle@hoevelmanns.io> (http://hoevelmanns.io)",
    "dependencies": {
      "colors": "^1.3.1",
      "confluence-api": "^1.3.0",
      "fs": "0.0.1-security",
      "klaw": "^3.0.0",
      "markdown2confluence-cws": "^2.0.4",
      "minimist": "^1.2.0",
      "path": "^0.12.7"
    }
  }

yarn manifest: 
  No manifest

Lockfile: 
  No lockfile

Trace: 
  Error: Command "docs:update" not found.
      at new MessageError (/usr/lib/node_modules/yarn/lib/cli.js:186:110)
      at /usr/lib/node_modules/yarn/lib/cli.js:87307:17
      at Generator.next (<anonymous>)
      at step (/usr/lib/node_modules/yarn/lib/cli.js:98:30)
      at /usr/lib/node_modules/yarn/lib/cli.js:116:14
      at new Promise (<anonymous>)
      at new F (/usr/lib/node_modules/yarn/lib/cli.js:23451:28)
      at /usr/lib/node_modules/yarn/lib/cli.js:95:12
      at runCommand (/usr/lib/node_modules/yarn/lib/cli.js:87312:22)
      at Object.<anonymous> (/usr/lib/node_modules/yarn/lib/cli.js:87412:14)
